0.0000000000000000e+00 -2.0000000000000000e+00 0.0000000000000000e+00 0.0000000000000000e+00 0.0000000000000000e+00 0.0000000000000000e+00 0.0000000000000000e+00 0.0000000000000000e+00 0.0000000000000000e+00
8.0435025698421647e-02 -2.0001863319775692e+00 -3.0887529466986203e-03 3.9966566023921831e-07 9.9376025995864341e-06 8.6263911454743328e-04 2.1449340186245770e-02 9.9999999999999992e-02 -9.9999999999999992e-02
1.6087005139684329e-01 -2.0006832301101745e+00 -6.1778416185094154e-03 3.5970157592547156e-06 4.9688630069948624e-05 3.4505564581897331e-03 4.2898680372491532e-02 9.9999999999999992e-02 -9.9999999999999950e-02
2.4130507709526494e-01 -2.0014286120300055e+00 -9.2674419000973868e-03 1.3189248102001102e-05 1.2919336001738577e-04 7.7637520309268987e-03 6.4348020558737312e-02 9.9999999999999992e-02 -9.9999999999999992e-02
3.2174010279368659e-01 -2.0024224880288259e+00 -1.2357425946116317e-02 3.2374250671164278e-05 2.4845508473641078e-04 1.3802225832758933e-02 8.5797360744983078e-02 9.9999999999999992e-02 -9.9999999999999992e-02
4.0217512849210824e-01 -2.0036648581107896e+00 -1.5447665874154972e-02 6.4350043888072883e-05 4.0747545046388768e-04 2.1565977863685831e-02 1.0724670093122886e-01 1.0000000000000002e-01 -9.9999999999999992e-02
4.8261015419052988e-01 -2.0051557119907364e+00 -1.8538033770026167e-02 1.1231464822013310e-04 6.0625445795582395e-04 3.1055008123707602e-02 1.2869604111747462e-01 9.9999999999999992e-02 -9.9999999999999992e-02
5.6304517988895153e-01 -2.0068950290929157e+00 -2.1628401693057964e-02 1.7946595177557482e-04 8.4479046152699229e-04 4.2269316612824237e-02 1.5014538130372040e-01 9.9999999999999992e-02 -9.9999999999999992e-02
6.4348020558737318e-01 -2.0088827785501291e+00 -2.4718641681386933e-02 2.6900157786084733e-04 1.1230801690144808e-03 5.5208903331035737e-02 1.7159472148996618e-01 9.9999999999999992e-02 -9.9999999999999992e-02
7.2391523128579482e-01 -2.0110129208780250e+00 -2.5172999688495092e-02 3.9071078901920100e-04 1.6050282426679306e-03 6.9732164135851163e-02 1.8952310444989462e-01 9.9999999999999992e-02 -6.7169552109811514e-02
8.0435025698421647e-01 -2.0126403109844979e+00 -1.2223536852953493e-02 5.9710494912521884e-04 3.1890077328424627e-03 8.4976459912723151e-02 1.8952310444989465e-01 1.0000000000000002e-01 9.9999999999999992e-02
8.8478528268263812e-01 -2.0132261222955004e+00 7.0905711879340819e-04 9.3773218467784467e-04 4.9368864257423248e-03 1.0022075568959513e-01 1.8952310444989465e-01 9.9999999999999992e-02 9.9999999999999950e-02
9.6522030838105977e-01 -2.0127703078094554e+00 1.3636633322923319e-02 1.4153539664143468e-03 6.7620645423118369e-03 1.1546505146646711e-01 1.8952310444989465e-01 9.9999999999999992e-02 9.9999999999999992e-02
1.0456553340794814e+00 -2.0112731707395355e+00 2.6558082919812379e-02 2.0361741550514209e-03 8.6641739027640101e-03 1.3070934724333910e-01 1.8952310444989465e-01 9.9999999999999964e-02 9.9999999999999992e-02
1.1260903597779031e+00 -2.0087351037650456e+00 3.9472299066083467e-02 2.8063658733128364e-03 1.0642804052017184e-02 1.4595364302021105e-01 1.8952310444989465e-01 9.9999999999999950e-02 9.9999999999999992e-02
1.2065253854763247e+00 -2.0051565889130591e+00 5.2378177093411041e-02 3.7320681085140426e-03 1.2697502349730333e-02 1.6119793879708305e-01 1.8952310444989467e-01 9.9999999999999992e-02 9.9999999999999964e-02
1.2869604111747464e+00 -2.0005381974255947e+00 6.5274614686787108e-02 4.8193823227303395e-03 1.4827774071151132e-02 1.7644223457395503e-01 1.8952310444989462e-01 9.9999999999999992e-02 9.9999999999999992e-02
1.3673954368731680e+00 -1.9948805896123847e+00 7.8160512062210058e-02 6.0743690714175781e-03 1.7033082518753656e-02 1.9168653035082700e-01 1.8952310444989462e-01 9.9999999999999992e-02 9.9999999999999950e-02
1.4478304625715896e+00 -1.9881845146892512e+00 9.1034772143758408e-02 7.5030446313524516e-03 1.9312849144640123e-02 2.0693082612769900e-01 1.8952310444989462e-01 1.0000000000000002e-01 9.9999999999999992e-02
1.5282654882700113e+00 -1.9804508106021466e+00 1.0389630074001160e-01 9.1113776387572298e-03 2.1666453683678453e-02 2.2217512190457098e-01 1.8952310444989462e-01 9.9999999999999992e-02 9.9999999999999992e-02
1.6087005139684329e+00 -1.9716804038368871e+00 1.1674400671977984e-01 1.0905285738471526e-02 2.4093234297344959e-02 2.3741941768144295e-01 1.8952310444989462e-01 9.9999999999999992e-02 9.9999999999999992e-02
1.6891355396668546e+00 -1.9618743092146351e+00 1.2957680218710579e-01 1.2890632245031050e-02 2.6592487728238929e-02 2.5266371345831495e-01 1.8952310444989462e-01 9.9999999999999964e-02 9.9999999999999992e-02
1.7695705653652762e+00 -1.9510336296731685e+00 1.4239360265550025e-01 1.5073222816510589e-02 2.9163469465233252e-02 2.6790800923518693e-01 1.8952310444989462e-01 9.9999999999999992e-02 9.9999999999999992e-02
1.8500055910636979e+00 -1.9391595560339963e+00 1.5519332722137497e-01 1.7458802141985526e-02 3.1805393919222949e-02 2.8315230501205890e-01 1.8952310444989462e-01 1.0000000000000002e-01 9.9999999999999950e-02
1.9304406167621195e+00 -1.9262533667553685e+00 1.6797489873663535e-01 2.0053050643462918e-02 3.4517434609430651e-02 2.9839660078893088e-01 1.8952310444989462e-01 1.0000000000000002e-01 9.9999999999999992e-02
2.0108756424605412e+00 -1.9123164276712452e+00 1.8073724398039620e-01 2.2861581193130052e-02 3.7298724360225931e-02 3.1364089656580285e-01 1.8952310444989462e-01 9.9999999999999992e-02 9.9999999999999992e-02
2.0913106681589628e+00 -1.8973501917162743e+00 1.9347929382978399e-01 2.5889935846764474e-02 4.0148355508412510e-02 3.2888519234267488e-01 1.8952310444989462e-01 9.9999999999999992e-02 9.9999999999999992e-02
2.1717456938573845e+00 -1.8813561986368508e+00 2.0619998342978896e-01 2.9143582594146067e-02 4.3065380120935290e-02 3.4412948811954680e-01 1.8952310444989462e-01 9.9999999999999992e-02 9.9999999999999950e-02
2.2521807195558061e+00 -1.8643360746883197e+00 2.1889825236213103e-01 3.2627912127307597e-02 4.6048810222956427e-02 3.5937378389641883e-01 1.8952310444989462e-01 9.9999999999999992e-02 9.9999999999999992e-02
2.3326157452542278e+00 -1.8462915323183913e+00 2.3157304481310370e-01 3.6348234627456039e-02 4.9097618036247181e-02 3.7461807967329080e-01 1.8952310444989462e-01 9.9999999999999992e-02 9.9999999999999964e-02
2.4130507709526494e+00 -1.8272243698368402e+00 2.4422330974035958e-01 4.0309776571392598e-02 5.2210736227840206e-02 3.8986237545016283e-01 1.8952310444989462e-01 9.9999999999999992e-02 9.9999999999999992e-02
2.4934857966510711e+00 -1.8071518360690362e+00 2.5646595360754482e-01 4.4511226852404745e-02 5.5226662724381093e-02 4.0508445232604601e-01 1.8897063614903170e-01 9.4848621952322923e-02 9.9999999999999992e-02
2.5739208223494927e+00 -1.7864322613904233e+00 2.6020421143644490e-01 4.8801696689761150e-02 5.4587668475122288e-02 4.1976566113369662e-01 1.7607453366788800e-01 -2.0247078643595772e-02 9.9999999999999992e-02
2.6543558480479144e+00 -1.7654029050746833e+00 2.6408482214135409e-01 5.3035582417265907e-02 5.3977965336231962e-02 4.3341602900215515e-01 1.6333899296248061e-01 -1.8749953097148678e-02 9.9999999999999992e-02
2.7347908737463360e+00 -1.7440633396903087e+00 2.6790320193457240e-01 5.7218675119156813e-02 5.3373510853194403e-02 4.4603908508200613e-01 1.5053064206876970e-01 -1.9428856855225250e-02 9.9999999999999992e-02
2.8152258994447577e+00 -1.7224154432146108e+00 2.7173498248606393e-01 6.1352425695346699e-02 5.2801114172263290e-02 4.5763323975947040e-01 1.3775557595117560e-01 -1.9118499745610064e-02 9.9999999999999992e-02
2.8956609251431793e+00 -1.7004553549202899e+00 2.7564858485644611e-01 6.5440545894752858e-02 5.2288167680549689e-02 4.6820512658595292e-01 1.2511216691804933e-01 -1.7890890100514787e-02 1.0000000000000002e-01
2.9760959508416009e+00 -1.6781763729718353e+00 2.7964551969707707e-01 6.9487589420080015e-02 5.1829174149776745e-02 4.7776528744454849e-01 1.1259922250672583e-01 -1.6674399330449501e-02 9.9999999999999992e-02
3.0565309765400226e+00 -1.6555731663408590e+00 2.8368969996998578e-01 7.3496802827634614e-02 5.1398014055892921e-02 4.8632185452057375e-01 1.0015801855159667e-01 -1.6005470071354482e-02 9.9999999999999992e-02
3.1369660022384442e+00 -1.6326427352762143e+00 2.8775951833553637e-01 7.7469591491314133e-02 5.0975050274845633e-02 4.9387907466609726e-01 8.7750671223743637e-02 -1.5689780852178752e-02 9.9999999999999992e-02
3.2174010279368659e+00 -1.6093788206184723e+00 2.9195824996755887e-01 8.1408514862281900e-02 5.0608150477310210e-02 5.0044575793165458e-01 7.5528527322702377e-02 -1.3962889253615260e-02 9.9999999999999992e-02
3.2978360536352875e+00 -1.5857752296996841e+00 2.9618102879804759e-01 8.5315463331857300e-02 5.0232528592467109e-02 5.0603021413763138e-01 6.3327801931497674e-02 -1.3763176724926166e-02 1.0000000000000002e-01
3.3782710793337092e+00 -1.5618249403403623e+00 3.0055282483748585e-01 8.9192097418012151e-02 4.9908580855501893e-02 5.1064157743112015e-01 5.1332776676922383e-02 -1.1845167734036065e-02 9.9999999999999992e-02
3.4587061050321308e+00 -1.5375210660418894e+00 3.0494616179305128e-01 9.3039370220568018e-02 4.9556979701581641e-02 5.1428836942829470e-01 3.9343939480362924e-02 -1.1787468448537460e-02 9.9999999999999992e-02
3.5391411307305525e+00 -1.5128561535442806e+00 3.0950192655485032e-01 9.6857806629253168e-02 4.9248002827085982e-02 5.1697949764068940e-01 2.7570397626639286e-02 -9.7799909134114477e-03 9.9999999999999992e-02
3.6195761564289741e+00 -1.4878194494660715e+00 3.1416237561729010e-01 1.0064916969028717e-01 4.8940528715048330e-02 5.1872852366313915e-01 1.5918766633924358e-02 -8.6432579421390210e-03 9.9999999999999992e-02
3.7000111821273958e+00 -1.4624043456611513e+00 3.1888105987996518e-01 1.0441202893115159e-01 4.8598072603342923e-02 5.1954211547600315e-01 4.3110227098018573e-03 -8.2340419176704059e-03 9.9999999999999992e-02
3.7804462078258174e+00 -1.4366020832473270e+00 3.2375893656701304e-01 1.0814546627565562e-01 4.8269128653337490e-02 5.1942979455038096e-01 -7.1038589063489779e-03 -6.4357366430371973e-03 9.9999999999999992e-02
3.8608812335242391e+00 -1.4104033820148658e+00 3.2870838715012329e-01 1.1184814362563687e-01 4.7894154290944138e-02 5.1840144096396290e-01 -1.8465936776276462e-02 -5.9433788757129735e-03 9.9999999999999992e-02
3.9413162592226607e+00 -1.3837959623486984e+00 3.3389103529865199e-01 1.1551957628339235e-01 4.7555205054396379e-02 5.1647101364633385e-01 -2.9533732543646947e-02 -3.1994054014551901e-03 9.9999999999999992e-02
4.0217512849210824e+00 -1.3567698193054547e+00 3.3908931946728471e-01 1.1915723025203140e-01 4.7118150606791913e-02 5.1364853863381843e-01 -4.0646515128456517e-02 -3.6188758098542806e-03 9.9999999999999992e-02
4.1021863106195040e+00 -1.3293153186265665e+00 3.4451083019481310e-01 1.2275738554441935e-01 4.6689702006988028e-02 5.0994289781079427e-01 -5.1493464708813434e-02 -1.1401701513637590e-03 9.9999999999999992e-02
4.1826213363179257e+00 -1.3014218787413236e+00 3.4997344328307212e-01 1.2631621403989690e-01 4.6157673420628306e-02 5.0536408765084129e-01 -6.2357687079741805e-02 -1.3012267658934632e-03 9.9999999999999964e-02
4.2630563620163473e+00 -1.2730775731366291e+00 3.5569134055219104e-01 1.2982960827881374e-01 4.5629954204828384e-02 4.9992358441487861e-01 -7.2919281845759451e-02 1.5205626437855208e-03 9.9999999999999992e-02
4.3434913877147689e+00 -1.2442694959307450e+00 3.6147617635188817e-01 1.3329329212132793e-01 4.4992135028718641e-02 4.9363401670997026e-01 -8.3469496557412190e-02 1.6266736408237390e-03 9.9999999999999992e-02
4.4239264134131906e+00 -1.2149882057420742e+00 3.6742876048826462e-01 1.3670002107250798e-01 4.4287555359405900e-02 4.8650219396712524e-01 -9.3861776253584203e-02 3.0993064967470936e-03 9.9999999999999992e-02
4.5043614391116122e+00 -1.1852212927482124e+00 3.7352403286574781e-01 1.4004342496491448e-01 4.3492210037009538e-02 4.7853912222636824e-01 -1.0413832809424338e-01 4.1783872937133605e-03 9.9999999999999992e-02
4.5847964648100339e+00 -1.1549567099622380e+00 3.7977730975264917e-01 1.4331597968884513e-01 4.2602689943327651e-02 4.6975483621147762e-01 -1.1428109649394007e-01 5.4258237164732555e-03 9.9999999999999992e-02
4.6652314905084555e+00 -1.1241836521884863e+00 3.8614287701458577e-01 1.4650865396078533e-01 4.1584613637801679e-02 4.6015717598390510e-01 -1.2436270685507503e-01 5.9960793796375433e-03 9.9999999999999950e-02
4.7456665162068772e+00 -1.0928912985159454e+00 3.9266710464220944e-01 1.4961152851637052e-01 4.0450476248034252e-02 4.4975368860489945e-01 -1.3431781916376664e-01 7.1755846823182293e-03 9.9999999999999992e-02
4.8261015419052988e+00 -1.0610662943873854e+00 3.9936719066336140e-01 1.5261509077401675e-01 3.9197305993551812e-02 4.3855543989117218e-01 -1.4412428031945620e-01 8.5616520551259605e-03 9.9999999999999992e-02
4.9065365676037205e+00 -1.0286965274072413e+00 4.0619480554226672e-01 1.5550829735838298e-01 3.7790602932616602e-02 4.2657139226400415e-01 -1.5385654390751233e-01 9.2534921489392970e-03 9.9999999999999992e-02
4.9869715933021421e+00 -9.9577230487168844e-01 4.1313837776977319e-01 1.5827807262390925e-01 3.6214558609557863e-02 4.1380674055111555e-01 -1.6353383676436237e-01 9.7660555259828467e-03 9.9999999999999992e-02
5.0674066190005638e+00 -9.6228294221436494e-01 4.2023489349109117e-01 1.6091098127329648e-01 3.4475416433081635e-02 4.0026802044156540e-01 -1.7310359181825916e-01 1.0768769847444425e-02 9.9999999999999992e-02
5.1478416446989854e+00 -9.2821685145938726e-01 4.2747007393050368e-01 1.6339316566129794e-01 3.2556276848579459e-02 3.8596300851013654e-01 -1.8258752177850032e-01 1.1569028437316078e-02 9.9999999999999950e-02
5.2282766703974071e+00 -8.9356301998851528e-01 4.3484386118909452e-01 1.6570963631006316e-01 3.0446370152986537e-02 3.7089858091097522e-01 -1.9198630270549313e-01 1.2362983239739013e-02 9.9999999999999992e-02
5.3087116960958287e+00 -8.5831029855275320e-01 4.4236009296230383e-01 1.6784460946826338e-01 2.8136534011676383e-02 3.5508181206503658e-01 -2.0129432867626873e-01 1.3209209328086132e-02 9.9999999999999992e-02
5.3891467217942504e+00 -8.2244973345433781e-01 4.4996058773793668e-01 1.6978065244417609e-01 2.5594926729425579e-02 3.3851671197782174e-01 -2.1059340165963680e-01 1.3292689634052147e-02 9.9999999999999992e-02
5.4695817474926720e+00 -7.8597296456251697e-01 4.5768913255228905e-01 1.7149931744567820e-01 2.2828197473566767e-02 3.2120657373550771e-01 -2.1981954573507662e-01 1.3972700369067783e-02 9.9999999999999964e-02
5.5500167731910937e+00 -7.4887237435931964e-01 4.6548403520084158e-01 1.7298125630825856e-01 1.9806559328768108e-02 3.0315388985735964e-01 -2.2905664275105680e-01 1.3870571907816407e-02 9.9999999999999950e-02
5.6304517988895153e+00 -7.1114086761173156e-01 4.7339404365997084e-01 1.7420619281647759e-01 1.6537281728958554e-02 2.8436066640402924e-01 -2.3823290655031998e-01 1.4437798835906766e-02 9.9999999999999992e-02
5.7108868245879369e+00 -6.7297183998931620e-01 4.7638576895795437e-01 1.7509673035114703e-01 1.1592015721848720e-02 2.6510704482803116e-01 -2.4050434525802963e-01 1.4423800543857088e-02 3.5603367728549953e-02
5.7913218502863586e+00 -6.3498865313852304e-01 4.6881061767662291e-01 1.7546820865063001e-01 3.7326447840515834e-03 2.4625282497695877e-01 -2.2830186664685073e-01 1.3779524267171982e-02 -9.9999999999999950e-02
5.8717568759847802e+00 -5.9762464348660771e-01 4.6107806969569687e-01 1.7521096953948104e-01 -4.0025798231767655e-03 2.2837345248363788e-01 -2.1626497069977973e-01 1.2235582470639800e-02 -9.9999999999999950e-02
5.9521919016832019e+00 -5.6109374364538411e-01 4.4823888080518842e-01 1.7429907151233037e-01 -1.2643247682814308e-02 2.1118561807740577e-01 -2.1110691752898314e-01 -5.1904784706578826e-02 -9.9999999999999992e-02
6.0326269273816235e+00 -5.2575731005990978e-01 4.3152435675255640e-01 1.7267839965752110e-01 -2.1726537313853503e-02 1.9420522774084709e-01 -2.1110691752898314e-01 -9.9999999999999992e-02 -9.9999999999999992e-02
6.1130619530800452e+00 -4.9177644331561338e-01 4.1470113094269040e-01 1.7035226208949483e-01 -3.0350644442405369e-02 1.7722483740428857e-01 -2.1110691752898314e-01 -9.9999999999999950e-02 -9.9999999999999992e-02
6.1934969787784668e+00 -4.5916027655122682e-01 3.9776639459588869e-01 1.6736067574619704e-01 -3.8488955432373947e-02 1.6024444706772997e-01 -2.1110691752898314e-01 -9.9999999999999992e-02 -1.0000000000000002e-01
6.2739320044768885e+00 -4.2791701202885168e-01 3.8072884415966890e-01 1.6374286379421218e-01 -4.6139267016448202e-02 1.4326405673117146e-01 -2.1110691752898314e-01 -9.9999999999999992e-02 -9.9999999999999992e-02
6.3543670301753101e+00 -3.9805414946750922e-01 3.6359720605418877e-01 1.5953821449036482e-01 -5.3299565701702925e-02 1.2628366639461280e-01 -2.1110691752898314e-01 -9.9999999999999992e-02 -9.9999999999999992e-02
6.4348020558737318e+00 -3.6957848389243836e-01 3.4638023399831402e-01 1.5478626587794186e-01 -5.9968028350307755e-02 1.0930327605805430e-01 -2.1110691752898314e-01 -9.9999999999999992e-02 -9.9999999999999964e-02
6.5152370815721534e+00 -3.4249610370027522e-01 3.2908670632778164e-01 1.4952669043987774e-01 -6.6143022703319759e-02 9.2322885721495732e-02 -2.1110691752898314e-01 -9.9999999999999992e-02 -9.9999999999999992e-02
6.5956721072705751e+00 -3.1681238894067504e-01 3.1172542330623904e-01 1.4379927971349035e-01 -7.1823107847408571e-02 7.5342495384937133e-02 -2.1110691752898314e-01 -9.9999999999999992e-02 -9.9999999999999964e-02
6.6761071329689967e+00 -2.9253200981487171e-01 2.9430520442994029e-01 1.3764392887136784e-01 -7.7007034624378981e-02 5.8362105048378556e-02 -2.1110691752898314e-01 -9.9999999999999950e-02 -9.9999999999999964e-02
6.7565421586674184e+00 -2.6965892539160824e-01 2.7683488572688386e-01 1.3110062127301481e-01 -8.1693745983373270e-02 4.1381714711819978e-02 -2.1110691752898314e-01 -9.9999999999999992e-02 -9.9999999999999992e-02
6.8369771843658400e+00 -2.4819638254080784e-01 2.5932331705117667e-01 1.2420941299187607e-01 -8.5882377275651220e-02 2.4401324375261414e-02 -2.1110691752898314e-01 -9.9999999999999992e-02 -9.9999999999999992e-02
6.9174122100642617e+00 -2.2814691508529167e-01 2.4177935937341102e-01 1.1701041732236238e-01 -8.9572256491863428e-02 7.4209340387028314e-03 -2.1110691752898314e-01 -9.9999999999999950e-02 -9.9999999999999992e-02
6.9978472357626833e+00 -2.0951234317078718e-01 2.2421188206784209e-01 1.0954378927150905e-01 -9.2762904441749103e-02 -9.5594562978557340e-03 -2.1110691752898314e-01 -9.9999999999999950e-02 -9.9999999999999992e-02
7.0782822614611050e+00 -1.9229377285440535e-01 2.0662976019715587e-01 1.0184971003990180e-01 -9.5454034876207225e-02 -2.6539846634414298e-02 -2.1110691752898314e-01 -9.9999999999999992e-02 -9.9999999999999992e-02
7.1587172871595266e+00 -1.7649159591170441e-01 1.8904187179561499e-01 9.3968371496508121e-02 -9.7645554551706093e-02 -4.3520236970972868e-02 -2.1110691752898314e-01 -9.9999999999999950e-02 -9.9999999999999992e-02
7.2391523128579482e+00 -1.6210548986239104e-01 1.7145709515137428e-01 8.5939960652054032e-02 -9.9337563237012927e-02 -6.0500627307531467e-02 -2.1110691752898314e-01 -9.9999999999999992e-02 -9.9999999999999992e-02
7.3195873385563699e+00 -1.4913441821464921e-01 1.5388430608875481e-01 7.7804644135586062e-02 -1.0053035366224221e-01 -7.7481017644090031e-02 -2.1110691752898314e-01 -9.9999999999999992e-02 -9.9999999999999992e-02
7.4000223642547915e+00 -1.3757663092802136e-01 1.3633237525126701e-01 6.9602552678857357e-02 -1.0122441141023819e-01 -9.4461407980648587e-02 -2.1110691752898314e-01 -9.9999999999999950e-02 -9.9999999999999992e-02
7.4804573899532132e+00 -1.2742966509470410e-01 1.1881016538617320e-01 6.1373765613175306e-02 -1.0142041475032317e-01 -1.1144179831720720e-01 -2.1110691752898314e-01 -9.9999999999999992e-02 -1.0000000000000002e-01
7.5608924156516348e+00 -1.1869034583905634e-01 1.0132652863137823e-01 5.3158295383343337e-02 -1.0111923441446069e-01 -1.2842218865376573e-01 -2.1110691752898314e-01 -9.9999999999999992e-02 -9.9999999999999992e-02
7.6413274413500565e+00 -1.1135478743505547e-01 8.3890303805437660e-02 4.4996072083325206e-02 -1.0032193331589857e-01 -1.4540257899032430e-01 -2.1110691752898314e-01 -1.0000000000000002e-01 -9.9999999999999992e-02
7.7217624670484781e+00 -1.0541839464137244e-01 6.6510313701471063e-02 3.6926928018253653e-02 -9.9029766210374237e-02 -1.6238296932688295e-01 -2.1110691752898314e-01 -9.9999999999999992e-02 -9.9999999999999992e-02
7.8021974927468998e+00 -1.0087586425367438e-01 4.9195362385767320e-02 2.8990582297397458e-02 -9.7244179299980582e-02 -1.7936335966344155e-01 -2.1110691752898314e-01 -9.9999999999999992e-02 -9.9999999999999992e-02
7.8826325184453214e+00 -9.7721186873697699e-02 3.1954232501918471e-02 2.1226625462692116e-02 -9.4966809779808523e-02 -1.9634375000000015e-01 -2.1110691752898308e-01 -1.0000000000000002e-01 -9.9999999999999992e-02