0.0000000000000000e+00 -2.0000000000000000e+00 1.0000000000000001e-01 2.0000000000000000e+00 1.0000000000000001e-01 0.0000000000000000e+00 0.0000000000000000e+00 0.0000000000000000e+00 0.0000000000000000e+00
1.0663238497785334e-01 -1.9895278857950889e+00 9.7616827218106675e-02 2.0105273360934888e+00 9.8304069777465711e-02 -1.5160620701420162e-03 -2.8435302660760890e-02 -1.0000000000000001e-01 1.0000000000000001e-01
2.1326476995570667e-01 -1.9793748525847588e+00 9.5235017026402788e-02 2.0208310668647402e+00 9.6638735517317068e-02 -6.0642482805680648e-03 -5.6870605321521779e-02 -1.0000000000000001e-01 1.0000000000000001e-01
3.1989715493356002e-01 -1.9694781486922894e+00 9.2845232387712459e-02 2.0309615748926357e+00 9.5014283099611491e-02 -1.3644558631278145e-02 -8.5305907982282672e-02 -1.0000000000000001e-01 9.9999999999999992e-02
4.2652953991141335e-01 -1.9598385689238573e+00 9.0447644887770989e-02 2.0409232334582152e+00 9.3430842637389253e-02 -2.4256993122272259e-02 -1.1374121064304356e-01 -1.0000000000000001e-01 9.9999999999999992e-02
5.3316192488926673e-01 -1.9504568896058203e+00 8.8042426730081530e-02 2.0507204294028520e+00 9.1888541297084195e-02 -3.7901551753550401e-02 -1.4217651330380443e-01 -1.0000000000000003e-01 1.0000000000000003e-01
6.3979430986712005e-01 -1.9413338685228441e+00 8.5629750723563172e-02 2.0603575628129640e+00 9.0387503288412108e-02 -5.4578234525112582e-02 -1.7061181596456532e-01 -1.0000000000000001e-01 1.0000000000000001e-01
7.4642669484497337e-01 -1.9324702448573596e+00 8.3209790270151990e-02 2.0698390467036711e+00 8.8927849854471164e-02 -7.4287041436958801e-02 -1.9904711862532623e-01 -1.0000000000000003e-01 1.0000000000000001e-01
8.5305907982282669e-01 -1.9237830024813627e+00 8.2353286286838773e-02 2.0791621803735674e+00 8.7376037657221434e-02 -9.6915920033645242e-02 -2.2538076229258236e-01 -8.5217959389580031e-02 1.0000000000000001e-01
9.5969146480068002e-01 -1.9141425878718914e+00 1.0111952020142634e-01 2.0882070710660119e+00 8.3667555544638103e-02 -1.2094880824502979e-01 -2.2538076229258236e-01 1.0000000000000001e-01 1.0000000000000001e-01
1.0663238497785335e+00 -1.9025075515090988e+00 1.1981753146946104e-01 2.0968220538225686e+00 7.9297793079883661e-02 -1.4498169645641437e-01 -2.2538076229258236e-01 1.0000000000000003e-01 1.0000000000000001e-01
1.1729562347563867e+00 -1.8888906948792408e+00 1.3840217059048335e-01 2.1049099766547945e+00 7.4101884211894425e-02 -1.6901458466779890e-01 -2.2538076229258236e-01 1.0000000000000001e-01 9.9999999999999950e-02
1.2795886197342401e+00 -1.8733065822184061e+00 1.5685119090504748e-01 2.1123830461583335e+00 6.8083705498132349e-02 -1.9304747287918347e-01 -2.2538076229258236e-01 1.0000000000000001e-01 1.0000000000000001e-01
1.3862210047120933e+00 -1.8557721408054992e+00 1.7514242362878613e-01 2.1191539383449571e+00 6.1247804712928421e-02 -2.1708036109056802e-01 -2.2538076229258236e-01 9.9999999999999992e-02 1.0000000000000001e-01
1.4928533896899467e+00 -1.8363066509661450e+00 1.9325379149375266e-01 2.1251358700082181e+00 5.3599398200042829e-02 -2.4111324930195258e-01 -2.2538076229258236e-01 9.9999999999999992e-02 1.0000000000000003e-01
1.5994857746678000e+00 -1.8149317346282587e+00 2.1116332233712373e-01 2.1302426697730255e+00 4.5144367824800816e-02 -2.6514613751333715e-01 -2.2538076229258236e-01 1.0000000000000001e-01 1.0000000000000001e-01
1.7061181596456534e+00 -1.7916713424358903e+00 2.2884916262935304e-01 2.1343888487865801e+00 3.5889257527563480e-02 -2.8917902572472171e-01 -2.2538076229258236e-01 1.0000000000000001e-01 1.0000000000000001e-01
1.8127505446235068e+00 -1.7665517394287846e+00 2.4628959093390224e-01 2.1374896710083275e+00 2.5841269480523073e-02 -3.1321191393610631e-01 -2.2538076229258239e-01 1.0000000000000001e-01 1.0000000000000001e-01
1.9193829296013600e+00 -1.7396014892959411e+00 2.6346303129071391e-01 2.1394612230567955e+00 1.5008259850043098e-02 -3.3724480214749086e-01 -2.2538076229258236e-01 1.0000000000000001e-01 1.0000000000000001e-01
2.0260153145792135e+00 -1.7108514372122809e+00 2.8034806651563671e-01 2.1402204835714622e+00 3.3987341669922868e-03 -3.6127769035887541e-01 -2.2538076229258236e-01 1.0000000000000001e-01 9.9999999999999992e-02
2.1326476995570669e+00 -1.6803346912683605e+00 2.9692345140805959e-01 2.1396853920480661e+00 -8.9781576922513470e-03 -3.8531057857026002e-01 -2.2538076229258236e-01 9.9999999999999992e-02 1.0000000000000001e-01
2.2392800845349199e+00 -1.6480866025038798e+00 3.1316812585906717e-01 2.1377749171060829e+00 -2.2112626911223808e-02 -4.0934346678164457e-01 -2.2538076229258236e-01 1.0000000000000001e-01 1.0000000000000001e-01
2.3459124695127733e+00 -1.6141447435565570e+00 3.2906122785248326e-01 2.1344091241474117e+00 -3.5994251522099417e-02 -4.3337635499302912e-01 -2.2538076229258236e-01 1.0000000000000001e-01 1.0000000000000001e-01
2.4525448544906268e+00 -1.5785488859387447e+00 3.4458210635123415e-01 2.1295092423656801e+00 -5.0611982574366970e-02 -4.5740924320441373e-01 -2.2538076229258236e-01 1.0000000000000003e-01 1.0000000000000001e-01
2.5591772394684802e+00 -1.5413409759549528e+00 3.5971033406152642e-01 2.1229977310659391e+00 -6.5954150679888426e-02 -4.8144213141579828e-01 -2.2538076229258236e-01 1.0000000000000001e-01 1.0000000000000001e-01
2.6658096244463336e+00 -1.5025651092742494e+00 3.7442572006740882e-01 2.1147983452549273e+00 -8.2008472930552273e-02 -5.0547501962718278e-01 -2.2538076229258236e-01 1.0000000000000001e-01 1.0000000000000001e-01
2.7724420094241866e+00 -1.4622675041722826e+00 3.8870832232835628e-01 2.1048362004625023e+00 -9.8762060184517275e-02 -5.2950790783856749e-01 -2.2538076229258236e-01 1.0000000000000001e-01 1.0000000000000001e-01
2.8790743944020400e+00 -1.4204964734584475e+00 4.0253846003260163e-01 2.0930378367552840e+00 -1.1620142471682880e-01 -5.5354079604995199e-01 -2.2538076229258236e-01 1.0000000000000003e-01 1.0000000000000001e-01
2.9857067793798935e+00 -1.3773023951044860e+00 4.1589672579901482e-01 2.0793312819040168e+00 -1.3431248822997813e-01 -5.7757368426133648e-01 -2.2538076229258236e-01 1.0000000000000001e-01 1.0000000000000001e-01
3.0923391643577469e+00 -1.3327376815915608e+00 4.2876399772042617e-01 2.0636461136666600e+00 -1.5308059021976630e-01 -6.0160657247272109e-01 -2.2538076229258236e-01 1.0000000000000001e-01 1.0000000000000001e-01
3.1989715493355999e+00 -1.2868567479936019e+00 4.4112145124137181e-01 2.0459135211497110e+00 -1.7249049669162778e-01 -6.2563946068410559e-01 -2.2538076229258233e-01 1.0000000000000001e-01 1.0000000000000001e-01
3.3056039343134533e+00 -1.2397159788154437e+00 4.5295057086334578e-01 2.0260663652108177e+00 -1.9252640922236589e-01 -6.4967234889549019e-01 -2.2538076229258236e-01 1.0000000000000001e-01 1.0000000000000001e-01
3.4122363192913068e+00 -1.1913736936050143e+00 4.6423316167073314e-01 2.0040392378662726e+00 -2.1317197436205151e-01 -6.7370523710687480e-01 -2.2538076229258236e-01 1.0000000000000001e-01 1.0000000000000001e-01
3.5188687042691602e+00 -1.1418901113595403e+00 4.7495136067070914e-01 1.9797685206675770e+00 -2.3441029337063837e-01 -6.9773812531825941e-01 -2.2538076229258236e-01 1.0000000000000001e-01 1.0000000000000003e-01
3.6255010892470136e+00 -1.0913273137464370e+00 4.8508764794049369e-01 1.9531924420118487e+00 -2.5622393228365520e-01 -7.2177101352964390e-01 -2.2538076229258233e-01 1.0000000000000001e-01 1.0000000000000001e-01
3.7321334742248666e+00 -1.0397492071602481e+00 4.9462485757546093e-01 1.9242511333514620e+00 -2.7859493230114235e-01 -7.4580390174102840e-01 -2.2538076229258233e-01 1.0000000000000001e-01 1.0000000000000001e-01
3.8387658592027201e+00 -9.8722148363767426e-01 5.0354618843172316e-01 1.8928866842689607e+00 -3.0150482049381427e-01 -7.6983678995241311e-01 -2.2538076229258233e-01 1.0000000000000001e-01 1.0000000000000001e-01
3.9453982441805735e+00 -9.3381158065339753e-01 5.1183521465692028e-01 1.8590431963839267e+00 -3.2493462082024344e-01 -7.9386967816379761e-01 -2.2538076229258233e-01 1.0000000000000003e-01 9.9999999999999992e-02
4.0520306291584269e+00 -8.7958863982005697e-01 5.1947589600307564e-01 1.8226668360591736e+00 -3.4886486544868289e-01 -8.1790256637518222e-01 -2.2538076229258233e-01 1.0000000000000001e-01 1.0000000000000001e-01
4.1586630141362804e+00 -8.2467918070029644e-01 5.2540757360910306e-01 1.7837667978772533e+00 -3.7213313914359003e-01 -8.4182538741313395e-01 -2.2331633930409611e-01 1.0000000000000001e-01 8.5479859222071755e-02
4.2652953991141338e+00 -7.6990216132282696e-01 5.1769323535164280e-01 1.7431512058822696e+00 -3.8091738307090245e-01 -8.6412207920751116e-01 -1.9488103664333523e-01 1.0000000000000001e-01 -1.0000000000000003e-01
4.3719277840919872e+00 -7.1599280909065888e-01 5.0969298287692832e-01 1.7015949818465250e+00 -3.8968049041340025e-01 -8.8338664686160429e-01 -1.6644573398257434e-01 1.0000000000000001e-01 -1.0000000000000002e-01
4.4785601690698398e+00 -6.6294876563703897e-01 5.0165241768594793e-01 1.6591190005626002e+00 -3.9830581859395453e-01 -8.9961909037541343e-01 -1.3801043132181345e-01 1.0000000000000001e-01 -1.0000000000000001e-01
4.5851925540476932e+00 -6.1077414290642795e-01 4.9357211316412125e-01 1.6157380252207030e+00 -4.0679269983368782e-01 -9.1281940974893838e-01 -1.0957512866105257e-01 9.9999999999999992e-02 -1.0000000000000001e-01
4.6918249390255466e+00 -5.5947299077161006e-01 4.8545264575564245e-01 1.5714668891656722e+00 -4.1514047623426281e-01 -9.2298760498217935e-01 -8.1139826000291654e-02 1.0000000000000003e-01 -1.0000000000000001e-01
4.7984573240034001e+00 -5.0904929672091170e-01 4.7729459492241993e-01 1.5263204948379618e+00 -4.2334849982863365e-01 -9.3012367607513624e-01 -5.2704523339530795e-02 1.0000000000000001e-01 -1.0000000000000001e-01
4.9050897089812535e+00 -4.5978371905839976e-01 4.6390812166396483e-01 1.4806871579090646e+00 -4.2441365960464605e-01 -9.3484725456411299e-01 -3.5891047132946025e-02 1.8257761537994174e-02 -1.0000000000000001e-01
5.0117220939591069e+00 -4.1206680082849223e-01 4.4836231472350813e-01 1.4351144391577071e+00 -4.2235225087568107e-01 -9.3803575529240713e-01 -2.3912561854129211e-02 -1.5749197947898381e-02 -1.0000000000000001e-01
5.1183544789369604e+00 -3.6600498421862082e-01 4.3277249190469708e-01 1.3897989093787264e+00 -4.1981970096306070e-01 -9.3996503867947168e-01 -1.2273131403544300e-02 -1.8133943644308908e-02 -1.0000000000000001e-01
5.2249868639148138e+00 -3.2159955278911001e-01 4.1712067415872622e-01 1.3447972815236806e+00 -4.1672936914409969e-01 -9.4067812302070752e-01 -1.1014984780925961e-03 -2.1424202451919713e-02 -1.0000000000000001e-01
5.3316192488926673e+00 -2.7885410235052710e-01 4.0144953302684383e-01 1.3001649379924116e+00 -4.1315792216634134e-01 -9.4021888472319215e-01 9.7149848520387029e-03 -2.3922150861735606e-02 -1.0000000000000001e-01
5.4382516338705198e+00 -2.3777058405180229e-01 3.8574613541918340e-01 1.2559532525266663e+00 -4.0910496738859431e-01 -9.3862598245522266e-01 2.0161534711844183e-02 -2.6524081811718274e-02 -1.0000000000000001e-01
5.5448840188483732e+00 -1.9835271457290249e-01 3.6999225054422397e-01 1.2122138369060020e+00 -4.0456568474344695e-01 -9.3594009088887564e-01 3.0215122753028609e-02 -2.9287982891367279e-02 -1.0000000000000003e-01
5.6515164038262267e+00 -1.6060496805784941e-01 3.5419186516593543e-01 1.1689971958911647e+00 -3.9956590040560824e-01 -9.3220164033553787e-01 3.9903360559783260e-02 -3.1857677603524225e-02 -1.0000000000000001e-01
5.7581487888040801e+00 -1.2453173256469574e-01 3.3834270928091237e-01 1.1263515450850856e+00 -3.9412303479584171e-01 -9.2744886863455789e-01 4.9239758614892895e-02 -3.4332346193076728e-02 -1.0000000000000001e-01
5.8647811737819335e+00 -9.0137934729994873e-02 3.2243776586720907e-01 1.0843235297477143e+00 -3.8824905151192518e-01 -9.2171908137826553e-01 5.8228291686778635e-02 -3.6779058207181269e-02 -1.0000000000000001e-01
5.9714135587597870e+00 -5.7428962708376607e-02 3.0647595357201457e-01 1.0429580745879865e+00 -3.8196430393463787e-01 -9.1504842930987118e-01 6.6886645389455907e-02 -3.9101378269306653e-02 -1.0000000000000003e-01
6.0780459437376404e+00 -2.6410253338264633e-02 2.9045793020828042e-01 1.0022978159089617e+00 -3.7529148496828002e-01 -9.0747097701719348e-01 7.5236262097860634e-02 -4.1272883162050966e-02 -1.0000000000000001e-01
6.1846783287154938e+00 2.9125742485480721e-03 2.7438034281739021e-01 9.6238323693479133e-01 -3.6824830693384308e-01 -8.9901896427066363e-01 8.3289925763116418e-02 -4.3354472000261900e-02 -9.9999999999999992e-02
6.2913107136933473e+00 3.0533660044648858e-02 2.5824276919353528e-01 9.2325272335880504e-01 -3.6085639363536881e-01 -8.8972292687838550e-01 9.1066811999242131e-02 -4.5301188955816064e-02 -1.0000000000000001e-01
6.3979430986711998e+00 5.6447046897483588e-02 2.4204445896838425e-01 8.8494238808072989e-01 -3.5313681375213579e-01 -8.7961141334333015e-01 9.8585019142976599e-02 -4.7120611069780133e-02 -1.0000000000000001e-01
6.5045754836490532e+00 8.0646703984402546e-02 2.2578552509520403e-01 8.4748604937557492e-01 -3.4511154911207714e-01 -8.6871096549613769e-01 1.0586408606003703e-01 -4.8802606366450639e-02 -1.0000000000000001e-01
6.6112078686269067e+00 1.0312656765416195e-01 2.0946597768820857e-01 8.1091520338721046e-01 -3.3680219103444137e-01 -8.5704608234610991e-01 1.1292278909896306e-01 -5.0352538018407181e-02 -1.0000000000000001e-01
6.7178402536047601e+00 1.2388066948806431e-01 1.9308835168922617e-01 7.7525890671319586e-01 -3.2823290870802790e-01 -8.4463902059899587e-01 1.1978440861947212e-01 -5.1738727015712693e-02 -1.0000000000000003e-01
6.8244726385826135e+00 1.4290311584291526e-01 1.7665228577940270e-01 7.4054383986879069e-01 -3.1942410513919717e-01 -8.3150991008087027e-01 1.2646555607660628e-01 -5.3008079169462957e-02 -1.0000000000000001e-01
6.9311050235604670e+00 1.6018822636528007e-01 1.6016294640914705e-01 7.0679420265241988e-01 -3.1040186885774129e-01 -8.1767656327203153e-01 1.3299308421760667e-01 -5.4088562243383508e-02 -1.0000000000000001e-01
7.0377374085383204e+00 1.7573051005633822e-01 1.4361947595763286e-01 6.7403179662733392e-01 -3.0118510600133019e-01 -8.0315461739474814e-01 1.3938093949578714e-01 -5.5070952791402200e-02 -1.0000000000000001e-01
7.1443697935161738e+00 1.8952458853363696e-01 1.2702568451729271e-01 6.4227616127033538e-01 -2.9179725609134466e-01 -7.8795777852171689e-01 1.4565139615328784e-01 -5.5896677223319646e-02 -1.0000000000000001e-01
7.2510021784940273e+00 2.0156523584197972e-01 1.1038131708447058e-01 6.1154459486931612e-01 -2.8225693772694843e-01 -7.7209784898466460e-01 1.5181788656693976e-01 -5.6627924891678137e-02 -1.0000000000000001e-01
7.3576345634718798e+00 2.1184729430918336e-01 9.3688678684913290e-02 5.8185229461022447e-01 -2.7258488124371855e-01 -7.5558498515951822e-01 1.5789784995300901e-01 -5.7236513649216246e-02 -1.0000000000000001e-01
7.4642669484497333e+00 2.2036573990673114e-01 7.6948635748848387e-02 5.5321235419934189e-01 -2.6279982049118272e-01 -7.3842768130782865e-01 1.6390502175904650e-01 -5.7748493992103883e-02 -1.0000000000000001e-01
7.5708993334275867e+00 2.2711567673582511e-01 6.0163425749586386e-02 5.2563582766264338e-01 -2.5292124411520578e-01 -7.2063288361933164e-01 1.6985470221582841e-01 -5.8152860001084911e-02 -1.0000000000000001e-01
7.6775317184054401e+00 2.3209241395003355e-01 4.3335313583449581e-02 4.9913172191281219e-01 -2.4296805052277487e-01 -7.0220596004111302e-01 1.7576119265594695e-01 -5.8456637437031840e-02 -9.9999999999999992e-02
7.7841641033832936e+00 2.3529146440058701e-01 2.6466524959063629e-02 4.7370705905674360e-01 -2.3295853575109363e-01 -6.8315081061359462e-01 1.8163772384532387e-01 -5.8667356141869312e-02 -1.0000000000000001e-01
7.8907964883611470e+00 2.3670863088415262e-01 9.5609220817323756e-03 4.4936686823256600e-01 -2.2291175105697073e-01 -6.6346982861186121e-01 1.8749932595090860e-01 -5.8772360009563943e-02 -1.0000000000000001e-01
7.9974288733390004e+00 2.3634010914906067e-01 -7.3773467386120794e-03 4.2611416947916414e-01 -2.1284629551800804e-01 -6.4316383813386335e-01 1.9336040033604632e-01 -5.8776071736871674e-02 -9.9999999999999992e-02
8.1040612583168539e+00 2.3418240441517169e-01 -2.4345970242685061e-02 4.0395010230638895e-01 -2.0277878082528500e-01 -6.2223234683565065e-01 1.9923123685855890e-01 -5.8707409641086748e-02 -1.0000000000000001e-01
8.2106936432947073e+00 2.3023219695396602e-01 -4.1343350283823903e-02 3.8287408243386523e-01 -1.9272486159078689e-01 -6.0067387605488320e-01 2.0512004507597187e-01 -5.8581005536197592e-02 -1.0000000000000001e-01
8.3173260282725607e+00 2.2448667367694952e-01 -5.8361015854216679e-02 3.6288363114510624e-01 -1.8270438135237763e-01 -5.7848553196824581e-01 2.1104515822965675e-01 -5.8325654385517310e-02 -1.0000000000000001e-01
8.4239584132504142e+00 2.1694375201936333e-01 -7.5393159132319601e-02 3.4397429533017987e-01 -1.7273450598898493e-01 -5.5566276382757007e-01 2.1701932040721114e-01 -5.7980667560831908e-02 -1.0000000000000001e-01
8.5305907982282676e+00 2.0760172710442371e-01 -9.2437843984957371e-02 3.2613994119480250e-01 -1.6282945267766102e-01 -5.3220003868701837e-01 2.2304820964802594e-01 -5.7595744186438015e-02 -9.9999999999999992e-02
8.6372231832061210e+00 1.9645939126635881e-01 -1.0948711438154153e-01 3.0937274603977949e-01 -1.5300658812194062e-01 -5.0809076892387983e-01 2.2914592946170234e-01 -5.7111623629096026e-02 -1.0000000000000001e-01
8.7438555681839745e+00 1.8351660576666751e-01 -1.2652836089123429e-01 2.9366294476694210e-01 -1.4328494932372093e-01 -4.8332655409245340e-01 2.3533237769742466e-01 -5.6487551340473140e-02 -1.0000000000000001e-01
8.8504879531618261e+00 1.6879473304172610e-01 -1.4317030690173216e-01 2.7898851979025818e-01 -1.3387517572769983e-01 -4.5786674215073619e-01 2.4219256834978903e-01 -5.1748776974820020e-02 -9.9999999999999992e-02
8.9571203381396796e+00 1.5309082882998437e-01 -1.4525301811507799e-01 2.6495670043331110e-01 -1.3152027318065318e-01 -4.3052510889354467e-01 2.7062787101054997e-01 1.0000000000000001e-01 -1.0000000000000001e-01
9.0637527231175330e+00 1.3718428507180525e-01 -1.4720487431611140e-01 2.5119936719862745e-01 -1.2900820754326808e-01 -4.0015135149606917e-01 2.9906317367131086e-01 9.9999999999999950e-02 -1.0000000000000003e-01
9.1703851080953864e+00 1.2107297405738882e-01 -1.4914671900547774e-01 2.3771341839557358e-01 -1.2646320414048148e-01 -3.6674546995830959e-01 3.2749847633207169e-01 1.0000000000000001e-01 -1.0000000000000001e-01
9.2770174930732399e+00 1.0475800861816120e-01 -1.5107840795904715e-01 2.2450234759549348e-01 -1.2388543858702966e-01 -3.3030746428026608e-01 3.5593377899283263e-01 1.0000000000000001e-01 -1.0000000000000001e-01
9.3836498780510933e+00 8.8240516729607421e-02 -1.5299979764975133e-01 2.1156962938351120e-01 -1.2127508893290140e-01 -2.9083733446193843e-01 3.8436908165359351e-01 1.0000000000000003e-01 -1.0000000000000001e-01
9.4902822630289467e+00 7.1521641433596628e-02 -1.5491074525823084e-01 1.9891871910015735e-01 -1.1863233565108984e-01 -2.4833508050332681e-01 4.1280438431435434e-01 9.9999999999999992e-02 -1.0000000000000001e-01
9.5969146480068002e+00 5.4602540759587370e-02 -1.5681110868343470e-01 1.8655305258431643e-01 -1.1595736162516460e-01 -2.0280070240443118e-01 4.4123968697511529e-01 1.0000000000000001e-01 -1.0000000000000001e-01
9.7035470329846536e+00 3.7484387644718176e-02 -1.5870074655316960e-01 1.7447604591752319e-01 -1.1325035213666496e-01 -1.5423420016525144e-01 4.6967498963587612e-01 1.0000000000000001e-01 -1.0000000000000001e-01
9.8101794179625070e+00 2.1295940482451758e-02 -1.3943077191527783e-01 1.6254460510878976e-01 -1.1325906653719255e-01 -1.0415163585592974e-01 4.6967498963587606e-01 9.9999999999999992e-02 1.0000000000000001e-01
9.9168118029403605e+00 7.1707655504940071e-03 -1.2003645253390199e-01 1.5066262876217307e-01 -1.1235434866724495e-01 -5.4069071546608019e-02 4.6967498963587612e-01 1.0000000000000001e-01 1.0000000000000001e-01
1.0023444187918214e+01 -4.8861134205195889e-03 -1.0061321552485267e-01 1.3889883541838932e-01 -1.1071316236962307e-01 -3.9865072372862742e-03 4.6967498963587617e-01 1.0000000000000001e-01 1.0000000000000001e-01
1.0130076572896067e+01 -1.4872010320739593e-02 -8.1197779601245218e-02 1.2733171010423416e-01 -1.0833501026017324e-01 4.6096057072035436e-02 4.6967498963587606e-01 9.9999999999999992e-02 1.0000000000000001e-01
1.0236708957873921e+01 -2.2788147342165610e-02 -6.1826819861591609e-02 1.1603971467966012e-01 -1.0522144831735193e-01 9.6178621381357146e-02 4.6967498963587617e-01 1.0000000000000001e-01 1.0000000000000001e-01
1.0343341342851774e+01 -2.8639649628340313e-02 -4.2536876685476357e-02 1.0510106914920736e-01 -1.0137608236074164e-01 1.4626118569067889e-01 4.6967498963587617e-01 9.9999999999999992e-02 1.0000000000000001e-01
1.0449973727829628e+01 -3.2435530229496523e-02 -2.3364264969267752e-02 9.4593533540955121e-02 -9.6804559374245674e-02 1.9634375000000059e-01 4.6967498963587617e-01 1.0000000000000001e-01 1.0000000000000001e-01